2025-08-08T09:35:09.508-05:00  INFO 17264 --- [main] com.project.management.Management        : Starting Management using Java 21.0.2 with PID 17264 (C:\Users\wposs\Documents\course\management\build\classes\java\main started by WPOSS in C:\Users\wposs\Documents\course\management)
2025-08-08T09:35:09.510-05:00  INFO 17264 --- [main] com.project.management.Management        : No active profile set, falling back to 1 default profile: "default"
2025-08-08T09:35:10.111-05:00  INFO 17264 --- [main] .s.d.r.c.RepositoryConfigurationDelegate : Bootstrapping Spring Data JPA repositories in DEFAULT mode.
2025-08-08T09:35:10.188-05:00  INFO 17264 --- [main] .s.d.r.c.RepositoryConfigurationDelegate : Finished Spring Data repository scanning in 71 ms. Found 11 JPA repository interfaces.
2025-08-08T09:35:10.627-05:00  INFO 17264 --- [main] o.s.b.w.embedded.tomcat.TomcatWebServer  : Tomcat initialized with port 8010 (http)
2025-08-08T09:35:10.635-05:00  INFO 17264 --- [main] o.apache.catalina.core.StandardService   : Starting service [Tomcat]
2025-08-08T09:35:10.635-05:00  INFO 17264 --- [main] o.apache.catalina.core.StandardEngine    : Starting Servlet engine: [Apache Tomcat/10.1.19]
2025-08-08T09:35:10.690-05:00  INFO 17264 --- [main] o.a.c.c.C.[Tomcat].[localhost].[/app]    : Initializing Spring embedded WebApplicationContext
2025-08-08T09:35:10.691-05:00  INFO 17264 --- [main] w.s.c.ServletWebServerApplicationContext : Root WebApplicationContext: initialization completed in 1152 ms
2025-08-08T09:35:10.824-05:00  INFO 17264 --- [main] o.hibernate.jpa.internal.util.LogHelper  : HHH000204: Processing PersistenceUnitInfo [name: default]
2025-08-08T09:35:10.883-05:00  INFO 17264 --- [main] org.hibernate.Version                    : HHH000412: Hibernate ORM core version 6.4.4.Final
2025-08-08T09:35:10.912-05:00  INFO 17264 --- [main] o.h.c.internal.RegionFactoryInitiator    : HHH000026: Second-level cache disabled
2025-08-08T09:35:11.079-05:00  INFO 17264 --- [main] o.s.o.j.p.SpringPersistenceUnitInfo      : No LoadTimeWeaver setup: ignoring JPA class transformer
2025-08-08T09:35:11.099-05:00  INFO 17264 --- [main] com.zaxxer.hikari.HikariDataSource       : HikariPool-1 - Starting...
2025-08-08T09:35:11.239-05:00  INFO 17264 --- [main] com.zaxxer.hikari.pool.HikariPool        : HikariPool-1 - Added connection org.postgresql.jdbc.PgConnection@216328b2
2025-08-08T09:35:11.241-05:00  INFO 17264 --- [main] com.zaxxer.hikari.HikariDataSource       : HikariPool-1 - Start completed.
2025-08-08T09:35:12.176-05:00  INFO 17264 --- [main] o.h.e.t.j.p.i.JtaPlatformInitiator       : HHH000489: No JTA platform available (set 'hibernate.transaction.jta.platform' to enable JTA platform integration)
2025-08-08T09:35:12.191-05:00  WARN 17264 --- [main] o.h.engine.jdbc.spi.SqlExceptionHelper   : SQL Warning Code: 0, SQLState: 00000
2025-08-08T09:35:12.191-05:00  WARN 17264 --- [main] o.h.engine.jdbc.spi.SqlExceptionHelper   : no existe la relación «login_history», omitiendo
2025-08-08T09:35:12.192-05:00  WARN 17264 --- [main] o.h.engine.jdbc.spi.SqlExceptionHelper   : SQL Warning Code: 0, SQLState: 00000
2025-08-08T09:35:12.192-05:00  WARN 17264 --- [main] o.h.engine.jdbc.spi.SqlExceptionHelper   : no existe la relación «login_ip», omitiendo
2025-08-08T09:35:12.192-05:00  WARN 17264 --- [main] o.h.engine.jdbc.spi.SqlExceptionHelper   : SQL Warning Code: 0, SQLState: 00000
2025-08-08T09:35:12.192-05:00  WARN 17264 --- [main] o.h.engine.jdbc.spi.SqlExceptionHelper   : no existe la relación «module_type», omitiendo
2025-08-08T09:35:12.193-05:00  WARN 17264 --- [main] o.h.engine.jdbc.spi.SqlExceptionHelper   : SQL Warning Code: 0, SQLState: 00000
2025-08-08T09:35:12.193-05:00  WARN 17264 --- [main] o.h.engine.jdbc.spi.SqlExceptionHelper   : no existe la relación «module_type», omitiendo
2025-08-08T09:35:12.193-05:00  WARN 17264 --- [main] o.h.engine.jdbc.spi.SqlExceptionHelper   : SQL Warning Code: 0, SQLState: 00000
2025-08-08T09:35:12.193-05:00  WARN 17264 --- [main] o.h.engine.jdbc.spi.SqlExceptionHelper   : no existe la relación «password_history», omitiendo
2025-08-08T09:35:12.194-05:00  WARN 17264 --- [main] o.h.engine.jdbc.spi.SqlExceptionHelper   : SQL Warning Code: 0, SQLState: 00000
2025-08-08T09:35:12.194-05:00  WARN 17264 --- [main] o.h.engine.jdbc.spi.SqlExceptionHelper   : no existe la relación «permission», omitiendo
2025-08-08T09:35:12.194-05:00  WARN 17264 --- [main] o.h.engine.jdbc.spi.SqlExceptionHelper   : SQL Warning Code: 0, SQLState: 00000
2025-08-08T09:35:12.194-05:00  WARN 17264 --- [main] o.h.engine.jdbc.spi.SqlExceptionHelper   : no existe la relación «person», omitiendo
2025-08-08T09:35:12.195-05:00  WARN 17264 --- [main] o.h.engine.jdbc.spi.SqlExceptionHelper   : SQL Warning Code: 0, SQLState: 00000
2025-08-08T09:35:12.195-05:00  WARN 17264 --- [main] o.h.engine.jdbc.spi.SqlExceptionHelper   : no existe la relación «refresh_token», omitiendo
2025-08-08T09:35:12.195-05:00  WARN 17264 --- [main] o.h.engine.jdbc.spi.SqlExceptionHelper   : SQL Warning Code: 0, SQLState: 00000
2025-08-08T09:35:12.195-05:00  WARN 17264 --- [main] o.h.engine.jdbc.spi.SqlExceptionHelper   : no existe la relación «role_permission», omitiendo
2025-08-08T09:35:12.196-05:00  WARN 17264 --- [main] o.h.engine.jdbc.spi.SqlExceptionHelper   : SQL Warning Code: 0, SQLState: 00000
2025-08-08T09:35:12.196-05:00  WARN 17264 --- [main] o.h.engine.jdbc.spi.SqlExceptionHelper   : no existe la relación «role_permission», omitiendo
2025-08-08T09:35:12.196-05:00  WARN 17264 --- [main] o.h.engine.jdbc.spi.SqlExceptionHelper   : SQL Warning Code: 0, SQLState: 00000
2025-08-08T09:35:12.197-05:00  WARN 17264 --- [main] o.h.engine.jdbc.spi.SqlExceptionHelper   : no existe la relación «user_role», omitiendo
2025-08-08T09:35:12.197-05:00  WARN 17264 --- [main] o.h.engine.jdbc.spi.SqlExceptionHelper   : SQL Warning Code: 0, SQLState: 00000
2025-08-08T09:35:12.197-05:00  WARN 17264 --- [main] o.h.engine.jdbc.spi.SqlExceptionHelper   : no existe la relación «user_role», omitiendo
2025-08-08T09:35:12.199-05:00  WARN 17264 --- [main] o.h.engine.jdbc.spi.SqlExceptionHelper   : SQL Warning Code: 0, SQLState: 00000
2025-08-08T09:35:12.199-05:00  WARN 17264 --- [main] o.h.engine.jdbc.spi.SqlExceptionHelper   : la tabla «email» no existe, omitiendo
2025-08-08T09:35:12.200-05:00  WARN 17264 --- [main] o.h.engine.jdbc.spi.SqlExceptionHelper   : SQL Warning Code: 0, SQLState: 00000
2025-08-08T09:35:12.200-05:00  WARN 17264 --- [main] o.h.engine.jdbc.spi.SqlExceptionHelper   : la tabla «email_template» no existe, omitiendo
2025-08-08T09:35:12.200-05:00  WARN 17264 --- [main] o.h.engine.jdbc.spi.SqlExceptionHelper   : SQL Warning Code: 0, SQLState: 00000
2025-08-08T09:35:12.200-05:00  WARN 17264 --- [main] o.h.engine.jdbc.spi.SqlExceptionHelper   : la tabla «login_history» no existe, omitiendo
2025-08-08T09:35:12.200-05:00  WARN 17264 --- [main] o.h.engine.jdbc.spi.SqlExceptionHelper   : SQL Warning Code: 0, SQLState: 00000
2025-08-08T09:35:12.200-05:00  WARN 17264 --- [main] o.h.engine.jdbc.spi.SqlExceptionHelper   : la tabla «login_ip» no existe, omitiendo
2025-08-08T09:35:12.201-05:00  WARN 17264 --- [main] o.h.engine.jdbc.spi.SqlExceptionHelper   : SQL Warning Code: 0, SQLState: 00000
2025-08-08T09:35:12.201-05:00  WARN 17264 --- [main] o.h.engine.jdbc.spi.SqlExceptionHelper   : la tabla «module» no existe, omitiendo
2025-08-08T09:35:12.201-05:00  WARN 17264 --- [main] o.h.engine.jdbc.spi.SqlExceptionHelper   : SQL Warning Code: 0, SQLState: 00000
2025-08-08T09:35:12.201-05:00  WARN 17264 --- [main] o.h.engine.jdbc.spi.SqlExceptionHelper   : la tabla «module_type» no existe, omitiendo
2025-08-08T09:35:12.201-05:00  WARN 17264 --- [main] o.h.engine.jdbc.spi.SqlExceptionHelper   : SQL Warning Code: 0, SQLState: 00000
2025-08-08T09:35:12.201-05:00  WARN 17264 --- [main] o.h.engine.jdbc.spi.SqlExceptionHelper   : la tabla «password_history» no existe, omitiendo
2025-08-08T09:35:12.202-05:00  WARN 17264 --- [main] o.h.engine.jdbc.spi.SqlExceptionHelper   : SQL Warning Code: 0, SQLState: 00000
2025-08-08T09:35:12.202-05:00  WARN 17264 --- [main] o.h.engine.jdbc.spi.SqlExceptionHelper   : la tabla «permission» no existe, omitiendo
2025-08-08T09:35:12.202-05:00  WARN 17264 --- [main] o.h.engine.jdbc.spi.SqlExceptionHelper   : SQL Warning Code: 0, SQLState: 00000
2025-08-08T09:35:12.202-05:00  WARN 17264 --- [main] o.h.engine.jdbc.spi.SqlExceptionHelper   : la tabla «person» no existe, omitiendo
2025-08-08T09:35:12.202-05:00  WARN 17264 --- [main] o.h.engine.jdbc.spi.SqlExceptionHelper   : SQL Warning Code: 0, SQLState: 00000
2025-08-08T09:35:12.202-05:00  WARN 17264 --- [main] o.h.engine.jdbc.spi.SqlExceptionHelper   : la tabla «refresh_token» no existe, omitiendo
2025-08-08T09:35:12.202-05:00  WARN 17264 --- [main] o.h.engine.jdbc.spi.SqlExceptionHelper   : SQL Warning Code: 0, SQLState: 00000
2025-08-08T09:35:12.202-05:00  WARN 17264 --- [main] o.h.engine.jdbc.spi.SqlExceptionHelper   : la tabla «role» no existe, omitiendo
2025-08-08T09:35:12.203-05:00  WARN 17264 --- [main] o.h.engine.jdbc.spi.SqlExceptionHelper   : SQL Warning Code: 0, SQLState: 00000
2025-08-08T09:35:12.203-05:00  WARN 17264 --- [main] o.h.engine.jdbc.spi.SqlExceptionHelper   : la tabla «role_permission» no existe, omitiendo
2025-08-08T09:35:12.203-05:00  WARN 17264 --- [main] o.h.engine.jdbc.spi.SqlExceptionHelper   : SQL Warning Code: 0, SQLState: 00000
2025-08-08T09:35:12.203-05:00  WARN 17264 --- [main] o.h.engine.jdbc.spi.SqlExceptionHelper   : la tabla «type» no existe, omitiendo
2025-08-08T09:35:12.204-05:00  WARN 17264 --- [main] o.h.engine.jdbc.spi.SqlExceptionHelper   : SQL Warning Code: 0, SQLState: 00000
2025-08-08T09:35:12.204-05:00  WARN 17264 --- [main] o.h.engine.jdbc.spi.SqlExceptionHelper   : la tabla «user» no existe, omitiendo
2025-08-08T09:35:12.204-05:00  WARN 17264 --- [main] o.h.engine.jdbc.spi.SqlExceptionHelper   : SQL Warning Code: 0, SQLState: 00000
2025-08-08T09:35:12.204-05:00  WARN 17264 --- [main] o.h.engine.jdbc.spi.SqlExceptionHelper   : la tabla «user_role» no existe, omitiendo
2025-08-08T09:35:12.622-05:00  INFO 17264 --- [main] j.LocalContainerEntityManagerFactoryBean : Initialized JPA EntityManagerFactory for persistence unit 'default'
2025-08-08T09:35:12.826-05:00  INFO 17264 --- [main] o.s.d.j.r.query.QueryEnhancerFactory     : Hibernate is in classpath; If applicable, HQL parser will be used.
2025-08-08T09:35:13.716-05:00  INFO 17264 --- [main] o.s.s.web.DefaultSecurityFilterChain     : Will secure any request with [org.springframework.security.web.session.DisableEncodeUrlFilter@3f96ef2, org.springframework.security.web.context.request.async.WebAsyncManagerIntegrationFilter@12039ae0, org.springframework.security.web.context.SecurityContextHolderFilter@274010fe, org.springframework.security.web.header.HeaderWriterFilter@fa200ab, org.springframework.web.filter.CorsFilter@1fb320de, org.springframework.security.web.authentication.logout.LogoutFilter@1de78f97, com.project.management.auth.security.jwt.JwtRequestFilter@533ed36e, org.springframework.security.web.savedrequest.RequestCacheAwareFilter@3d1ecf3b, org.springframework.security.web.servletapi.SecurityContextHolderAwareRequestFilter@204bd52d, org.springframework.security.web.authentication.AnonymousAuthenticationFilter@633e4742, org.springframework.security.web.session.SessionManagementFilter@793af433, org.springframework.security.web.access.ExceptionTranslationFilter@1b60c196, org.springframework.security.web.access.intercept.AuthorizationFilter@11101f62]
2025-08-08T09:35:13.967-05:00  WARN 17264 --- [main] ConfigServletWebServerApplicationContext : Exception encountered during context initialization - cancelling refresh attempt: org.springframework.context.ApplicationContextException: Failed to start bean 'webServerStartStop'
2025-08-08T09:35:13.969-05:00  INFO 17264 --- [main] j.LocalContainerEntityManagerFactoryBean : Closing JPA EntityManagerFactory for persistence unit 'default'
2025-08-08T09:35:13.970-05:00  INFO 17264 --- [main] com.zaxxer.hikari.HikariDataSource       : HikariPool-1 - Shutdown initiated...
2025-08-08T09:35:13.971-05:00  INFO 17264 --- [main] com.zaxxer.hikari.HikariDataSource       : HikariPool-1 - Shutdown completed.
2025-08-08T09:35:13.987-05:00  INFO 17264 --- [main] .s.b.a.l.ConditionEvaluationReportLogger : 

Error starting ApplicationContext. To display the condition evaluation report re-run your application with 'debug' enabled.
2025-08-08T09:35:14.000-05:00 ERROR 17264 --- [main] o.s.b.d.LoggingFailureAnalysisReporter   : 

***************************
APPLICATION FAILED TO START
***************************

Description:

Web server failed to start. Port 8010 was already in use.

Action:

Identify and stop the process that's listening on port 8010 or configure this application to listen on another port.

2025-08-08T09:36:03.307-05:00  INFO 28220 --- [main] com.project.management.Management        : Starting Management using Java 21.0.2 with PID 28220 (C:\Users\wposs\Documents\course\management\build\classes\java\main started by WPOSS in C:\Users\wposs\Documents\course\management)
2025-08-08T09:36:03.309-05:00  INFO 28220 --- [main] com.project.management.Management        : No active profile set, falling back to 1 default profile: "default"
2025-08-08T09:36:03.974-05:00  INFO 28220 --- [main] .s.d.r.c.RepositoryConfigurationDelegate : Bootstrapping Spring Data JPA repositories in DEFAULT mode.
2025-08-08T09:36:04.053-05:00  INFO 28220 --- [main] .s.d.r.c.RepositoryConfigurationDelegate : Finished Spring Data repository scanning in 72 ms. Found 11 JPA repository interfaces.
2025-08-08T09:36:04.483-05:00  INFO 28220 --- [main] o.s.b.w.embedded.tomcat.TomcatWebServer  : Tomcat initialized with port 8000 (http)
2025-08-08T09:36:04.494-05:00  INFO 28220 --- [main] o.apache.catalina.core.StandardService   : Starting service [Tomcat]
2025-08-08T09:36:04.494-05:00  INFO 28220 --- [main] o.apache.catalina.core.StandardEngine    : Starting Servlet engine: [Apache Tomcat/10.1.19]
2025-08-08T09:36:04.547-05:00  INFO 28220 --- [main] o.a.c.c.C.[Tomcat].[localhost].[/app]    : Initializing Spring embedded WebApplicationContext
2025-08-08T09:36:04.548-05:00  INFO 28220 --- [main] w.s.c.ServletWebServerApplicationContext : Root WebApplicationContext: initialization completed in 1202 ms
2025-08-08T09:36:04.708-05:00  INFO 28220 --- [main] o.hibernate.jpa.internal.util.LogHelper  : HHH000204: Processing PersistenceUnitInfo [name: default]
2025-08-08T09:36:04.759-05:00  INFO 28220 --- [main] org.hibernate.Version                    : HHH000412: Hibernate ORM core version 6.4.4.Final
2025-08-08T09:36:04.786-05:00  INFO 28220 --- [main] o.h.c.internal.RegionFactoryInitiator    : HHH000026: Second-level cache disabled
2025-08-08T09:36:04.969-05:00  INFO 28220 --- [main] o.s.o.j.p.SpringPersistenceUnitInfo      : No LoadTimeWeaver setup: ignoring JPA class transformer
2025-08-08T09:36:04.991-05:00  INFO 28220 --- [main] com.zaxxer.hikari.HikariDataSource       : HikariPool-1 - Starting...
2025-08-08T09:36:05.137-05:00  INFO 28220 --- [main] com.zaxxer.hikari.pool.HikariPool        : HikariPool-1 - Added connection org.postgresql.jdbc.PgConnection@763b0996
2025-08-08T09:36:05.139-05:00  INFO 28220 --- [main] com.zaxxer.hikari.HikariDataSource       : HikariPool-1 - Start completed.
2025-08-08T09:36:06.149-05:00  INFO 28220 --- [main] o.h.e.t.j.p.i.JtaPlatformInitiator       : HHH000489: No JTA platform available (set 'hibernate.transaction.jta.platform' to enable JTA platform integration)
2025-08-08T09:36:06.569-05:00  INFO 28220 --- [main] j.LocalContainerEntityManagerFactoryBean : Initialized JPA EntityManagerFactory for persistence unit 'default'
2025-08-08T09:36:06.806-05:00  INFO 28220 --- [main] o.s.d.j.r.query.QueryEnhancerFactory     : Hibernate is in classpath; If applicable, HQL parser will be used.
2025-08-08T09:36:07.836-05:00  INFO 28220 --- [main] o.s.s.web.DefaultSecurityFilterChain     : Will secure any request with [org.springframework.security.web.session.DisableEncodeUrlFilter@721384e0, org.springframework.security.web.context.request.async.WebAsyncManagerIntegrationFilter@a15e4fd, org.springframework.security.web.context.SecurityContextHolderFilter@47a22020, org.springframework.security.web.header.HeaderWriterFilter@58fcb07b, org.springframework.web.filter.CorsFilter@515c3dd2, org.springframework.security.web.authentication.logout.LogoutFilter@289a70a, com.project.management.auth.security.jwt.JwtRequestFilter@30b91493, org.springframework.security.web.savedrequest.RequestCacheAwareFilter@2fb36d8d, org.springframework.security.web.servletapi.SecurityContextHolderAwareRequestFilter@35eac1dd, org.springframework.security.web.authentication.AnonymousAuthenticationFilter@245504d, org.springframework.security.web.session.SessionManagementFilter@1d0ac379, org.springframework.security.web.access.ExceptionTranslationFilter@466d87a1, org.springframework.security.web.access.intercept.AuthorizationFilter@3fb8e8cf]
2025-08-08T09:36:08.116-05:00  INFO 28220 --- [main] o.s.b.w.embedded.tomcat.TomcatWebServer  : Tomcat started on port 8000 (http) with context path '/app'
2025-08-08T09:36:08.121-05:00  INFO 28220 --- [main] com.project.management.Management        : Started Management in 5.178 seconds (process running for 5.624)
2025-08-08T10:04:05.225-05:00  INFO 28220 --- [SpringApplicationShutdownHook] j.LocalContainerEntityManagerFactoryBean : Closing JPA EntityManagerFactory for persistence unit 'default'
2025-08-08T10:04:05.250-05:00  INFO 28220 --- [SpringApplicationShutdownHook] com.zaxxer.hikari.HikariDataSource       : HikariPool-1 - Shutdown initiated...
2025-08-08T10:04:05.261-05:00  INFO 28220 --- [SpringApplicationShutdownHook] com.zaxxer.hikari.HikariDataSource       : HikariPool-1 - Shutdown completed.
